-------------------------------------------------------------------------------
Test set: com.genericworkflownodes.knime.parameter.NumberListParameterTest
-------------------------------------------------------------------------------
Tests run: 5, Failures: 0, Errors: 0, Skipped: 0, Time elapsed: 0.014 sec - in com.genericworkflownodes.knime.parameter.NumberListParameterTest
testGetLowerBound(com.genericworkflownodes.knime.parameter.NumberListParameterTest)  Time elapsed: 0.004 sec
testSetLowerBound(com.genericworkflownodes.knime.parameter.NumberListParameterTest)  Time elapsed: 0.001 sec
testGetUpperBound(com.genericworkflownodes.knime.parameter.NumberListParameterTest)  Time elapsed: 0 sec
testNumberListParameter(com.genericworkflownodes.knime.parameter.NumberListParameterTest)  Time elapsed: 0 sec
testSetUpperBound(com.genericworkflownodes.knime.parameter.NumberListParameterTest)  Time elapsed: 0.001 sec
