-------------------------------------------------------------------------------
Test set: com.genericworkflownodes.knime.parameter.StringListParameterTest
-------------------------------------------------------------------------------
Tests run: 10, Failures: 0, Errors: 0, Skipped: 0, Time elapsed: 0.015 sec - in com.genericworkflownodes.knime.parameter.StringListParameterTest
testFillFromString(com.genericworkflownodes.knime.parameter.StringListParameterTest)  Time elapsed: 0.002 sec
testGetStrings(com.genericworkflownodes.knime.parameter.StringListParameterTest)  Time elapsed: 0 sec
testToString(com.genericworkflownodes.knime.parameter.StringListParameterTest)  Time elapsed: 0 sec
testGetSetRestrictions(com.genericworkflownodes.knime.parameter.StringListParameterTest)  Time elapsed: 0.008 sec
testValidateListOfString(com.genericworkflownodes.knime.parameter.StringListParameterTest)  Time elapsed: 0 sec
testGetMnemonic(com.genericworkflownodes.knime.parameter.StringListParameterTest)  Time elapsed: 0 sec
testAddRestrictions(com.genericworkflownodes.knime.parameter.StringListParameterTest)  Time elapsed: 0 sec
testGetStringRep(com.genericworkflownodes.knime.parameter.StringListParameterTest)  Time elapsed: 0 sec
testFillFromStrings(com.genericworkflownodes.knime.parameter.StringListParameterTest)  Time elapsed: 0 sec
testStringListParameter(com.genericworkflownodes.knime.parameter.StringListParameterTest)  Time elapsed: 0 sec
