-------------------------------------------------------------------------------
Test set: com.genericworkflownodes.knime.parameter.IntegerListParameterTest
-------------------------------------------------------------------------------
Tests run: 9, Failures: 0, Errors: 0, Skipped: 0, Time elapsed: 0.009 sec - in com.genericworkflownodes.knime.parameter.IntegerListParameterTest
testFillFromString(com.genericworkflownodes.knime.parameter.IntegerListParameterTest)  Time elapsed: 0 sec
testGetStrings(com.genericworkflownodes.knime.parameter.IntegerListParameterTest)  Time elapsed: 0.001 sec
testToString(com.genericworkflownodes.knime.parameter.IntegerListParameterTest)  Time elapsed: 0 sec
testGetMnemonic(com.genericworkflownodes.knime.parameter.IntegerListParameterTest)  Time elapsed: 0.001 sec
testIntegerListParameter(com.genericworkflownodes.knime.parameter.IntegerListParameterTest)  Time elapsed: 0 sec
testGetStringRep(com.genericworkflownodes.knime.parameter.IntegerListParameterTest)  Time elapsed: 0 sec
testFillFromStrings(com.genericworkflownodes.knime.parameter.IntegerListParameterTest)  Time elapsed: 0 sec
testFillFromInvalidString(com.genericworkflownodes.knime.parameter.IntegerListParameterTest)  Time elapsed: 0 sec
testValidateListOfInteger(com.genericworkflownodes.knime.parameter.IntegerListParameterTest)  Time elapsed: 0 sec
