-------------------------------------------------------------------------------
Test set: com.genericworkflownodes.knime.parameter.StringChoiceParameterTest
-------------------------------------------------------------------------------
Tests run: 14, Failures: 0, Errors: 0, Skipped: 0, Time elapsed: 0.005 sec - in com.genericworkflownodes.knime.parameter.StringChoiceParameterTest
testStringChoiceParameterStringStringArrayStringArray(com.genericworkflownodes.knime.parameter.StringChoiceParameterTest)  Time elapsed: 0 sec
testFillFromNotContainedString(com.genericworkflownodes.knime.parameter.StringChoiceParameterTest)  Time elapsed: 0 sec
testFillFromString(com.genericworkflownodes.knime.parameter.StringChoiceParameterTest)  Time elapsed: 0 sec
testStringChoiceParameterStringListOfStringListOfString(com.genericworkflownodes.knime.parameter.StringChoiceParameterTest)  Time elapsed: 0 sec
testValidateString(com.genericworkflownodes.knime.parameter.StringChoiceParameterTest)  Time elapsed: 0 sec
testToString(com.genericworkflownodes.knime.parameter.StringChoiceParameterTest)  Time elapsed: 0 sec
testStringChoiceParameterStringString(com.genericworkflownodes.knime.parameter.StringChoiceParameterTest)  Time elapsed: 0 sec
testSetValueString(com.genericworkflownodes.knime.parameter.StringChoiceParameterTest)  Time elapsed: 0 sec
testStringChoiceParameterStringStringArray(com.genericworkflownodes.knime.parameter.StringChoiceParameterTest)  Time elapsed: 0 sec
testGetMnemonic(com.genericworkflownodes.knime.parameter.StringChoiceParameterTest)  Time elapsed: 0 sec
testGetAllowedValues(com.genericworkflownodes.knime.parameter.StringChoiceParameterTest)  Time elapsed: 0 sec
testGetLabels(com.genericworkflownodes.knime.parameter.StringChoiceParameterTest)  Time elapsed: 0 sec
testSetIsOptional(com.genericworkflownodes.knime.parameter.StringChoiceParameterTest)  Time elapsed: 0.001 sec
testStringChoiceParameterStringListOfString(com.genericworkflownodes.knime.parameter.StringChoiceParameterTest)  Time elapsed: 0 sec
