-------------------------------------------------------------------------------
Test set: com.genericworkflownodes.knime.parameter.DoubleListParameterTest
-------------------------------------------------------------------------------
Tests run: 9, Failures: 0, Errors: 0, Skipped: 0, Time elapsed: 0.011 sec - in com.genericworkflownodes.knime.parameter.DoubleListParameterTest
testFillFromString(com.genericworkflownodes.knime.parameter.DoubleListParameterTest)  Time elapsed: 0.001 sec
testGetStrings(com.genericworkflownodes.knime.parameter.DoubleListParameterTest)  Time elapsed: 0.001 sec
testToString(com.genericworkflownodes.knime.parameter.DoubleListParameterTest)  Time elapsed: 0 sec
testValidateListOfDouble(com.genericworkflownodes.knime.parameter.DoubleListParameterTest)  Time elapsed: 0 sec
testDoubleListParameter(com.genericworkflownodes.knime.parameter.DoubleListParameterTest)  Time elapsed: 0 sec
testGetMnemonic(com.genericworkflownodes.knime.parameter.DoubleListParameterTest)  Time elapsed: 0 sec
testGetStringRep(com.genericworkflownodes.knime.parameter.DoubleListParameterTest)  Time elapsed: 0 sec
testFillFromStrings(com.genericworkflownodes.knime.parameter.DoubleListParameterTest)  Time elapsed: 0 sec
testFillFromInvalidString(com.genericworkflownodes.knime.parameter.DoubleListParameterTest)  Time elapsed: 0.002 sec
