-------------------------------------------------------------------------------
Test set: com.genericworkflownodes.knime.parameter.BoolParameterTest
-------------------------------------------------------------------------------
Tests run: 8, Failures: 0, Errors: 0, Skipped: 0, Time elapsed: 0.003 sec - in com.genericworkflownodes.knime.parameter.BoolParameterTest
testFillFromString(com.genericworkflownodes.knime.parameter.BoolParameterTest)  Time elapsed: 0 sec
testToString(com.genericworkflownodes.knime.parameter.BoolParameterTest)  Time elapsed: 0 sec
testBoolParameterStringString(com.genericworkflownodes.knime.parameter.BoolParameterTest)  Time elapsed: 0 sec
testGetMnemonic(com.genericworkflownodes.knime.parameter.BoolParameterTest)  Time elapsed: 0 sec
testBoolParameterStringBoolean(com.genericworkflownodes.knime.parameter.BoolParameterTest)  Time elapsed: 0 sec
testValidateBoolean(com.genericworkflownodes.knime.parameter.BoolParameterTest)  Time elapsed: 0 sec
testGetStringRep(com.genericworkflownodes.knime.parameter.BoolParameterTest)  Time elapsed: 0 sec
testFillFromInvalidString(com.genericworkflownodes.knime.parameter.BoolParameterTest)  Time elapsed: 0 sec
