-------------------------------------------------------------------------------
Test set: com.genericworkflownodes.knime.config.reader.CTDHandlerTest
-------------------------------------------------------------------------------
Tests run: 3, Failures: 0, Errors: 0, Skipped: 0, Time elapsed: 0.027 sec - in com.genericworkflownodes.knime.config.reader.CTDHandlerTest
testParamHandler(com.genericworkflownodes.knime.config.reader.CTDHandlerTest)  Time elapsed: 0.023 sec
testComplicatedCases(com.genericworkflownodes.knime.config.reader.CTDHandlerTest)  Time elapsed: 0.001 sec
testCTDHandler(com.genericworkflownodes.knime.config.reader.CTDHandlerTest)  Time elapsed: 0.001 sec
