-------------------------------------------------------------------------------
Test set: com.genericworkflownodes.knime.config.reader.CTDHandlerTest
-------------------------------------------------------------------------------
Tests run: 3, Failures: 0, Errors: 0, Skipped: 0, Time elapsed: 0.045 sec - in com.genericworkflownodes.knime.config.reader.CTDHandlerTest
testParamHandler(com.genericworkflownodes.knime.config.reader.CTDHandlerTest)  Time elapsed: 0.041 sec
testComplicatedCases(com.genericworkflownodes.knime.config.reader.CTDHandlerTest)  Time elapsed: 0 sec
testCTDHandler(com.genericworkflownodes.knime.config.reader.CTDHandlerTest)  Time elapsed: 0.003 sec
