<?xml version="1.0" encoding="UTF-8"?>
<testsuite xmlns:xsi="http://www.w3.org/2001/XMLSchema-instance" xsi:schemaLocation="https://maven.apache.org/surefire/maven-surefire-plugin/xsd/surefire-test-report.xsd" name="com.genericworkflownodes.knime.parameter.BoolParameterTest" time="0.007" tests="8" errors="0" skipped="0" failures="0">
  <properties>
[...]
</properties>
  <testcase name="testFillFromString" classname="com.genericworkflownodes.knime.parameter.BoolParameterTest" time="0"/>
  <testcase name="testToString" classname="com.genericworkflownodes.knime.parameter.BoolParameterTest" time="0"/>
  <testcase name="testBoolParameterStringString" classname="com.genericworkflownodes.knime.parameter.BoolParameterTest" time="0"/>
  <testcase name="testGetMnemonic" classname="com.genericworkflownodes.knime.parameter.BoolParameterTest" time="0.001"/>
  <testcase name="testBoolParameterStringBoolean" classname="com.genericworkflownodes.knime.parameter.BoolParameterTest" time="0"/>
  <testcase name="testValidateBoolean" classname="com.genericworkflownodes.knime.parameter.BoolParameterTest" time="0"/>
  <testcase name="testGetStringRep" classname="com.genericworkflownodes.knime.parameter.BoolParameterTest" time="0"/>
  <testcase name="testFillFromInvalidString" classname="com.genericworkflownodes.knime.parameter.BoolParameterTest" time="0"/>
</testsuite>