<?xml version="1.0" encoding="UTF-8"?>
<testsuite xmlns:xsi="http://www.w3.org/2001/XMLSchema-instance" xsi:schemaLocation="https://maven.apache.org/surefire/maven-surefire-plugin/xsd/surefire-test-report.xsd" name="com.genericworkflownodes.knime.parameter.FileListParameterTest" time="0.007" tests="3" errors="0" skipped="0" failures="0">
  <properties>
[...]
</properties>
  <testcase name="testFileListParameter" classname="com.genericworkflownodes.knime.parameter.FileListParameterTest" time="0"/>
  <testcase name="testGetPort" classname="com.genericworkflownodes.knime.parameter.FileListParameterTest" time="0"/>
  <testcase name="testSetPort" classname="com.genericworkflownodes.knime.parameter.FileListParameterTest" time="0"/>
</testsuite>