-------------------------------------------------------------------------------
Test set: com.genericworkflownodes.knime.toolfinderservice.ExternalToolTest
-------------------------------------------------------------------------------
Tests run: 3, Failures: 0, Errors: 0, Skipped: 0, Time elapsed: 0.006 sec - in com.genericworkflownodes.knime.toolfinderservice.ExternalToolTest
testExternalTool(com.genericworkflownodes.knime.toolfinderservice.ExternalToolTest)  Time elapsed: 0.003 sec
testEqualsObject(com.genericworkflownodes.knime.toolfinderservice.ExternalToolTest)  Time elapsed: 0 sec
testHashCode(com.genericworkflownodes.knime.toolfinderservice.ExternalToolTest)  Time elapsed: 0 sec
